clicked Account
clicked Account
clicked login
enter username
enter password
clicked login button
Testcases  title passed
===TC_001 Started========
===clicked Account===
===TC_001 Started========
===clicked Account===
=======clicked login======
=======enter username======
====enter password====
===TC_001 Started========
===clicked Account===
=======clicked login======
=======enter username======
====enter password====
===TC_001 Started========
===clicked Account===
===TC_001 Started========
===clicked Account===
=======clicked login======
=======enter username======
====enter password====
====clicked login button====
=====Testcases  title passed====
======TC_001 Ended======
===TC_001 Started========
===clicked Account===
===TC_001 Started========
===clicked Account===
===TC_001 Started========
===clicked Account===
=======clicked login======
=======enter username======
====enter password====
===TC_001 Started========
===clicked Account===
===TC_001 Started========
===clicked Account===
===TC_001 Started========
===clicked Account===
=======clicked login======
=======enter username======
====enter password====
====clicked login button====
=====Testcases  title passed====
======TC_001 Ended======
===TC_001 Started========
===clicked Account===
=======clicked login======
=======enter username======
====enter password====
====clicked login button====
=====Testcases  title passed====
======TC_001 Ended======
===TC_001 Started========
===clicked Account===
=======clicked login======
=======enter username======
====enter password====
===TC_001 Started========
===clicked Account===
=======clicked login======
=======enter username======
====enter password====
====clicked login button====
=====Testcases  title passed====
======TC_001 Ended======
===TC_001 Started========
===clicked Account===
=======clicked login======
=======enter username======
====enter password====
====clicked login button====
=====Testcases  title passed====
======TC_001 Ended======
===TC_001 Started========
===clicked Account===
===TC_001 Started========
===clicked Account===
=======clicked login======
=======enter username======
====enter password====
===TC_001 Started========
===clicked Account===
=======clicked login======
=======enter username======
====enter password====
====clicked login button====
=====Testcases  title passed====
======TC_001 Ended======
===TC_001 Started========
===clicked Account===
=======clicked login======
=======enter username======
====enter password====
====clicked login button====
=====Testcases  title passed====
======TC_001 Ended======
===TC_001 Started========
===clicked Account===
===TC_001 Started========
===clicked Account===
=======clicked login======
=======enter username======
====enter password====
====clicked login button====
=====Testcases  title passed====
======TC_001 Ended======
===TC_001 Started========
===clicked Account===
=======clicked login======
=======enter username======
====enter password====
====clicked login button====
=====Testcases  title passed====
======TC_001 Ended======
===TC_001 Started========
===clicked Account===
=======clicked login======
=======enter username======
====enter password====
===TC_001 Started========
===clicked Account===
=======clicked login======
=======enter username======
====enter password====
====clicked login button====
=====Testcases  title passed====
======TC_001 Ended======
===TC_001 Started========
===clicked Account===
=======clicked login======
=======enter username======
====enter password====
====clicked login button====
=====Testcases  title passed====
======TC_001 Ended======
===TC_001 Started========
===clicked Account===
=======clicked login======
=======enter username======
====enter password====
====clicked login button====
=====Testcases  title passed====
======TC_001 Ended======
===TC_001 Started========
===clicked Account===
=======clicked login======
=======enter username======
====enter password====
====clicked login button====
=====Testcases  title passed====
======TC_001 Ended======
===TC_001 Started========
===clicked Account===
=======clicked login======
=======enter username======
====enter password====
====clicked login button====
=====Testcases  title passed====
======TC_001 Ended======
===TC_001 Started========
===clicked Account===
=======clicked login======
=======enter username======
====enter password====
====clicked login button====
=====Testcases  title passed====
======TC_001 Ended======
===TC_001 Started========
===clicked Account===
=======clicked login======
=======enter username======
====enter password====
===TC_001 Started========
===clicked Account===
=======clicked login======
=======enter username======
====enter password====
===TC_001 Started========
===clicked Account===
=======clicked login======
=======enter username======
====enter password====
====clicked login button====
=====Testcases  title passed====
======TC_001 Ended======
===TC_001 Started========
===clicked Account===
=======clicked login======
=======enter username======
====enter password====
===TC_001 Started========
===clicked Account===
=======clicked login======
=======enter username======
====enter password====
===TC_001 Started========
===clicked Account===
=======clicked login======
=======enter username======
====enter password====
====clicked login button====
=====Testcases  title passed====
======TC_001 Ended======
===TC_001 Started========
===clicked Account===
=======clicked login======
=======enter username======
====enter password====
====clicked login button====
=====Testcases  title passed====
======TC_001 Ended======
===TC_001 Started========
===clicked Account===
=======clicked login======
=======enter username======
====enter password====
====clicked login button====
=====Testcases  title passed====
======TC_001 Ended======
===TC_001 Started========
===clicked Account===
=======clicked login======
=======enter username======
====enter password====
===TC_001 Started========
===clicked Account===
=======clicked login======
=======enter username======
====enter password====
====clicked login button====
=====Testcases  title passed====
======TC_001 Ended======
===TC_001 Started========
===clicked Account===
===TC_001 Started========
===clicked Account===
=======clicked login======
=======enter username======
====enter password====
====clicked login button====
=====Testcases  title passed====
======TC_001 Ended======
===TC_001 Started========
===clicked Account===
=======clicked login======
=======enter username======
====enter password====
====clicked login button====
=====Testcases  title passed====
======TC_001 Ended======
===TC_001 Started========
===clicked Account===
===TC_001 Started========
===clicked Account===
===TC_001 Started========
===clicked Account===
===TC_001 Started========
===clicked Account===
===TC_001 Started========
===clicked Account===
=======clicked login======
=======enter username======
====enter password====
====clicked login button====
=====Testcases  title passed====
======TC_001 Ended======
===TC_001 Started========
===clicked Account===
===TC_001 Started========
===clicked Account===
=======clicked login======
=======enter username======
====enter password====
====clicked login button====
=====Testcases  title passed====
======TC_001 Ended======
===TC_001 Started========
===clicked Account===
===TC_001 Started========
===clicked Account===
=======clicked login======
=======enter username======
====enter password====
===TC_001 Started========
===clicked Account===
===TC_001 Started========
===clicked Account===
===TC_001 Started========
===clicked Account===
=======clicked login======
=======enter username======
====enter password====
===TC_001 Started========
===clicked Account===
=======clicked login======
=======enter username======
====enter password====
===TC_001 Started========
===clicked Account===
===TC_001 Started========
===clicked Account===
===TC_001 Started========
===clicked Account===
===TC_001 Started========
===clicked Account===
===TC_001 Started========
===clicked Account===
===TC_001 Started========
===clicked Account===
=======clicked login======
=======enter username======
====enter password====
====clicked login button====
=====Testcases  title passed====
======TC_001 Ended======
===TC_001 Started========
===clicked Account===
===TC_001 Started========
===clicked Account===
=======clicked login======
=======enter username======
====enter password====
====clicked login button====
=====Testcases  title passed====
======TC_001 Ended======
===TC_001 Started========
===clicked Account===
===TC_001 Started========
===clicked Account===
=======clicked login======
=======enter username======
====enter password====
====clicked login button====
=====Testcases  title passed====
======TC_001 Ended======
===TC_001 Started========
===clicked Account===
=======clicked login======
=======enter username======
====enter password====
===TC_001 Started========
===clicked Account===
===TC_001 Started========
===clicked Account===
=======clicked login======
=======enter username======
====enter password====
====clicked login button====
=====Testcases  title passed====
======TC_001 Ended======
===TC_001 Started========
===clicked Account===
===TC_001 Started========
===clicked Account===
===TC_001 Started========
===clicked Account===
===TC_001 Started========
===clicked Account===
=======clicked login======
=======enter username======
====enter password====
====clicked login button====
=====Testcases  title passed====
======TC_001 Ended======
===TC_001 Started========
===clicked Account===
=======clicked login======
=======enter username======
====enter password====
====clicked login button====
===========Clicked button=====
===========clicked logout button======
==================clicked-----------------------
===TC_001 Started========
===clicked Account===
===TC_001 Started========
===clicked Account===
===TC_001 Started========
===clicked Account===
===TC_001 Started========
===clicked Account===
==================clicked-----------------------
===TC_001 Started========
===clicked Account===
===TC_001 Started========
===clicked Account===
===TC_001 Started========
===clicked Account===
===TC_001 Started========
===clicked Account===
==================clicked-----------------------
===TC_001 Started========
===clicked Account===
===TC_001 Started========
===clicked Account===
=======clicked login======
=======enter username======
====enter password====
====clicked login button====
===========clicked TV button============
=================clicked add to cart page============
=================proced to check out===========
===========place of order
======clicked continue button
==============clicked moneyorder===================
=================clicked payment button===========
=============clicked place of order=============
===TC_001 Started========
===clicked Account===
===TC_001 Started========
===clicked Account===
=======clicked login======
=======enter username======
====enter password====
====clicked login button====
===========Clicked button=====
===========clicked logout button======
==================clicked-----------------------
==================create account-----------------------
==================Enter firstname-----------------------
==================Enter lastname-----------------------
==================Entered email-----------------------
==================Entered password-----------------------
==================Passwrod confirmation-----------------------
==================Registered-----------------------
===TC_001 Started========
===clicked Account===
=======clicked login======
=======enter username======
====enter password====
====clicked login button====
=====clicked mobilepage======
=======clicked add to cart======
=======procced add to cart==========
==================Proced place of order=========
============proced continue button==========
=================proceed order button==============
===============procced paymet page=============
=============procced place of order=================
===TC_001 Started========
===clicked Account===
=======clicked login======
=======enter username======
====enter password====
====clicked login button====
===========clicked TV button============
=================clicked add to cart page============
=================proced to check out===========
===========place of order
======clicked continue button
==============clicked moneyorder===================
=================clicked payment button===========
=============clicked place of order=============
===TC_001 Started========
===clicked Account===
=======clicked login======
=======enter username======
====enter password====
====clicked login button====
=====Testcases  title passed====
======TC_001 Ended======
===TC_001 Started========
===clicked Account===
=======clicked login======
=======enter username======
====enter password====
====clicked login button====
===========Clicked button=====
===========clicked logout button======
==================clicked-----------------------
==================create account-----------------------
==================Enter firstname-----------------------
==================Enter lastname-----------------------
==================Entered email-----------------------
==================Entered password-----------------------
==================Passwrod confirmation-----------------------
==================Registered-----------------------
===TC_001 Started========
===clicked Account===
=======clicked login======
=======enter username======
====enter password====
====clicked login button====
=====clicked mobilepage======
=======clicked add to cart======
=======procced add to cart==========
==================Proced place of order=========
============proced continue button==========
=================proceed order button==============
===============procced paymet page=============
=============procced place of order=================
===TC_001 Started========
===clicked Account===
===TC_001 Started========
===clicked Account===
=======clicked login======
=======enter username======
====enter password====
====clicked login button====
=======mobile page details
================TV page details===============
===TC_001 Started========
===clicked Account===
=======clicked login======
=======enter username======
====enter password====
====clicked login button====
===========clicked TV button============
=================clicked add to cart page============
=================proced to check out===========
===========place of order
======clicked continue button
==============clicked moneyorder===================
=================clicked payment button===========
=============clicked place of order=============
===TC_001 Started========
===clicked Account===
=======clicked login======
=======enter username======
====enter password====
====clicked login button====
=======mobile page details
================TV page details===============
===TC_001 Started========
===clicked Account===
===TC_001 Started========
===clicked Account===
===TC_001 Started========
===clicked Account===
=======clicked login======
=======enter username======
====enter password====
====clicked login button====
===========Clicked button=====
===========clicked logout button======
==================clicked-----------------------
==================create account-----------------------
==================Enter firstname-----------------------
==================Enter lastname-----------------------
==================Entered email-----------------------
==================Entered password-----------------------
==================Passwrod confirmation-----------------------
==================Registered-----------------------
===TC_001 Started========
===clicked Account===
=======clicked login======
=======enter username======
====enter password====
====clicked login button====
=====clicked mobilepage======
=======clicked add to cart======
=======procced add to cart==========
==================Proced place of order=========
============proced continue button==========
=================proceed order button==============
===============procced paymet page=============
=============procced place of order=================
===TC_001 Started========
===clicked Account===
=======clicked login======
=======enter username======
====enter password====
====clicked login button====
===========clicked TV button============
=================clicked add to cart page============
=================proced to check out===========
===========place of order
======clicked continue button
==============clicked moneyorder===================
=================clicked payment button===========
=============clicked place of order=============
===TC_001 Started========
===clicked Account===
=======clicked login======
=======enter username======
====enter password====
===TC_001 Started========
===clicked Account===
=======clicked login======
=======enter username======
====enter password====
====clicked login button====
=======mobile page details
===TC_001 Started========
===clicked Account===
=======clicked login======
=======enter username======
====enter password====
===TC_001 Started========
===clicked Account===
===TC_001 Started========
===clicked Account===
=======clicked login======
=======enter username======
====enter password====
====clicked login button====
===========Clicked button=====
===========clicked logout button======
==================clicked-----------------------
==================create account-----------------------
==================Enter firstname-----------------------
==================Enter lastname-----------------------
==================Entered email-----------------------
==================Entered password-----------------------
==================Passwrod confirmation-----------------------
==================Registered-----------------------
===TC_001 Started========
===clicked Account===
=======clicked login======
=======enter username======
====enter password====
====clicked login button====
=====clicked mobilepage======
=======clicked add to cart======
=======procced add to cart==========
==================Proced place of order=========
============proced continue button==========
=================proceed order button==============
===============procced paymet page=============
=============procced place of order=================
===TC_001 Started========
===clicked Account===
===TC_001 Started========
===clicked Account===
=======clicked login======
=======enter username======
====enter password====
====clicked login button====
=======mobile page details
===TC_001 Started========
===clicked Account===
===TC_001 Started========
===clicked Account===
=======clicked login======
=======enter username======
====enter password====
====clicked login button====
=======mobile page details
===TC_001 Started========
===clicked Account===
=======clicked login======
=======enter username======
====enter password====
====clicked login button====
=====Testcases  title passed====
======TC_001 Ended======
===TC_001 Started========
===clicked Account===
===TC_001 Started========
===clicked Account===
===TC_001 Started========
===clicked Account===
===TC_001 Started========
===clicked Account===
=======clicked login======
=======enter username======
====enter password====
====clicked login button====
=======mobile page details
===TC_001 Started========
===clicked Account===
=======clicked login======
=======enter username======
====enter password====
====clicked login button====
===========clicked TV button============
=================clicked add to cart page============
=================proced to check out===========
===========place of order
======clicked continue button
==============clicked moneyorder===================
=================clicked payment button===========
=============clicked place of order=============
===TC_001 Started========
===clicked Account===
=======clicked login======
=======enter username======
====enter password====
===TC_001 Started========
===clicked Account===
=======clicked login======
=======enter username======
====enter password====
====clicked login button====
=======mobile page details
===TC_001 Started========
===clicked Account===
===TC_001 Started========
===clicked Account===
=======clicked login======
=======enter username======
====enter password====
====clicked login button====
=======mobile page details
===TC_001 Started========
===clicked Account===
=======clicked login======
=======enter username======
====enter password====
====clicked login button====
=====Testcases  title passed====
======TC_001 Ended======
===TC_001 Started========
===clicked Account===
=======clicked login======
=======enter username======
====enter password====
====clicked login button====
===========Clicked button=====
===========clicked logout button======
==================clicked-----------------------
==================create account-----------------------
==================Enter firstname-----------------------
==================Enter lastname-----------------------
==================Entered email-----------------------
==================Entered password-----------------------
==================Passwrod confirmation-----------------------
==================Registered-----------------------
===TC_001 Started========
===clicked Account===
=======clicked login======
=======enter username======
====enter password====
====clicked login button====
=====clicked mobilepage======
=======clicked add to cart======
=======procced add to cart==========
==================Proced place of order=========
============proced continue button==========
=================proceed order button==============
===============procced paymet page=============
=============procced place of order=================
===TC_001 Started========
===clicked Account===
=======clicked login======
=======enter username======
====enter password====
====clicked login button====
===========clicked TV button============
=================clicked add to cart page============
=================proced to check out===========
===========place of order
======clicked continue button
==============clicked moneyorder===================
=================clicked payment button===========
=============clicked place of order=============
===TC_001 Started========
===clicked Account===
=======clicked login======
=======enter username======
====enter password====
===TC_001 Started========
===clicked Account===
=======clicked login======
=======enter username======
====enter password====
====clicked login button====
=======mobile page details
===TC_001 Started========
===clicked Account===
=======clicked login======
=======enter username======
====enter password====
====clicked login button====
=======mobile page details
===TC_001 Started========
===clicked Account===
===TC_001 Started========
===clicked Account===
=======clicked login======
=======enter username======
====enter password====
====clicked login button====
=======mobile page details
===TC_001 Started========
===clicked Account===
=======clicked login======
=======enter username======
====enter password====
====clicked login button====
=======mobile page details
===TC_001 Started========
===clicked Account===
=======clicked login======
=======enter username======
====enter password====
====clicked login button====
=======mobile page details
===TC_001 Started========
===clicked Account===
===TC_001 Started========
===clicked Account===
=======clicked login======
=======enter username======
====enter password====
====clicked login button====
=======mobile page details
===TC_001 Started========
===clicked Account===
=======clicked login======
=======enter username======
====enter password====
====clicked login button====
=======mobile page details
===TC_001 Started========
===clicked Account===
=======clicked login======
=======enter username======
====enter password====
===TC_001 Started========
===TC_001 Started========
===clicked Account===
===clicked Account===
=======clicked login======
=======enter username======
====enter password====
=======clicked login======
=======enter username======
====enter password====
====clicked login button====
====clicked login button====
=======mobile page details
=======mobile page details
================TV page details===============
===================compare the products==================
===TC_001 Started========
===clicked Account===
===TC_001 Started========
===clicked Account===
===TC_001 Started========
===clicked Account===
==================clicked-----------------------
===TC_001 Started========
===clicked Account===
===TC_001 Started========
===clicked Account===
=======clicked login======
=======enter username======
====enter password====
====clicked login button====
===========clicked TV button============
=================clicked add to cart page============
=================proced to check out===========
===========place of order
======clicked continue button
==============clicked moneyorder===================
=================clicked payment button===========
=============clicked place of order=============
===TC_001 Started========
===clicked Account===
